<?xml version="1.0" encoding="UTF-8"?>
<!-- Generated by org.testng.reporters.JUnitXMLReporter -->
<testsuite ignored="0" hostname="LAPTOP-NU0FN7VQ" failures="1" tests="1" name="FirefoxBrowser" time="21.164" errors="0" timestamp="2022-02-22T10:46:46 EST">
  <testcase classname="com.mystore.testcases.LoginPageTest" name="loginTest" time="1.987">
    <failure type="java.lang.AssertionError" message="expected [http://automationpractice.com/index.php?controller=my-account] but found [http://automationpractice.com/index.php?controller=authentication&amp;amp;back=my-account]">
      <![CDATA[java.lang.AssertionError: expected [http://automationpractice.com/index.php?controller=my-account] but found [http://automationpractice.com/index.php?controller=authentication&back=my-account]
at com.mystore.testcases.LoginPageTest.loginTest(LoginPageTest.java:46)
at java.base/java.util.concurrent.ThreadPoolExecutor.runWorker(ThreadPoolExecutor.java:1128)
at java.base/java.util.concurrent.ThreadPoolExecutor$Worker.run(ThreadPoolExecutor.java:628)
at java.base/java.lang.Thread.run(Thread.java:830)
... Removed 17 stack frames]]>
    </failure>
  </testcase> <!-- loginTest -->
</testsuite> <!-- FirefoxBrowser -->
